c:\users\yuan li\desktop\icclarity\basicimageoperations\debug\vc120.pdb
c:\users\yuan li\desktop\icclarity\basicimageoperations\debug\vc120.idb
c:\users\yuan li\desktop\icclarity\basicimageoperations\debug\basicimageoperations.obj
c:\users\yuan li\desktop\icclarity\basicimageoperations\debug\main.obj
c:\users\yuan li\desktop\icclarity\basicimageoperations\debug\basicimageoperations.pdb
c:\users\yuan li\desktop\icclarity\basicimageoperations\debug\basicima.815895dc.tlog\cl.command.1.tlog
c:\users\yuan li\desktop\icclarity\basicimageoperations\debug\basicima.815895dc.tlog\cl.read.1.tlog
c:\users\yuan li\desktop\icclarity\basicimageoperations\debug\basicima.815895dc.tlog\cl.write.1.tlog
c:\users\yuan li\desktop\icclarity\basicimageoperations\debug\basicima.815895dc.tlog\link-cvtres.read.1.tlog
c:\users\yuan li\desktop\icclarity\basicimageoperations\debug\basicima.815895dc.tlog\link-cvtres.write.1.tlog
c:\users\yuan li\desktop\icclarity\basicimageoperations\debug\basicima.815895dc.tlog\link-rc.read.1.tlog
c:\users\yuan li\desktop\icclarity\basicimageoperations\debug\basicima.815895dc.tlog\link-rc.write.1.tlog
c:\users\yuan li\desktop\icclarity\basicimageoperations\debug\basicima.815895dc.tlog\link.70860-cvtres.read.1.tlog
c:\users\yuan li\desktop\icclarity\basicimageoperations\debug\basicima.815895dc.tlog\link.70860-cvtres.write.1.tlog
c:\users\yuan li\desktop\icclarity\basicimageoperations\debug\basicima.815895dc.tlog\link.70860-rc.read.1.tlog
c:\users\yuan li\desktop\icclarity\basicimageoperations\debug\basicima.815895dc.tlog\link.70860-rc.write.1.tlog
c:\users\yuan li\desktop\icclarity\basicimageoperations\debug\basicima.815895dc.tlog\link.70860.read.1.tlog
c:\users\yuan li\desktop\icclarity\basicimageoperations\debug\basicima.815895dc.tlog\link.70860.write.1.tlog
c:\users\yuan li\desktop\icclarity\basicimageoperations\debug\basicima.815895dc.tlog\link.command.1.tlog
c:\users\yuan li\desktop\icclarity\basicimageoperations\debug\basicima.815895dc.tlog\link.read.1.tlog
c:\users\yuan li\desktop\icclarity\basicimageoperations\debug\basicima.815895dc.tlog\link.write.1.tlog
